{"C:\\Users\\VARIANTAS\\Desktop\\Habit Tracker\\habit-tracker\\frontend\\src\\components\\ui\\button.tsx": {"path":"C:\\Users\\VARIANTAS\\Desktop\\Habit Tracker\\habit-tracker\\frontend\\src\\components\\ui\\button.tsx","statementMap":{"0":{"start":{"line":67,"column":9},"end":{"line":67,"column":15}},"1":{"start":{"line":2,"column":0},"end":{"line":2,"column":65}},"2":{"start":{"line":3,"column":0},"end":{"line":3,"column":31}},"3":{"start":{"line":5,"column":0},"end":{"line":5,"column":32}},"4":{"start":{"line":7,"column":23},"end":{"line":41,"column":null}},"5":{"start":{"line":67,"column":17},"end":{"line":67,"column":31}},"6":{"start":{"line":48,"column":17},"end":{"line":48,"column":null}},"7":{"start":{"line":49,"column":10},"end":{"line":50,"column":null}},"8":{"start":{"line":54,"column":15},"end":{"line":54,"column":45}},"9":{"start":{"line":56,"column":2},"end":{"line":64,"column":null}}},"fnMap":{"0":{"name":"Button","decl":{"start":{"line":44,"column":9},"end":{"line":44,"column":15}},"loc":{"start":{"line":53,"column":3},"end":{"line":65,"column":1}}}},"branchMap":{"0":{"loc":{"start":{"line":46,"column":2},"end":{"line":46,"column":21}},"type":"default-arg","locations":[{"start":{"line":46,"column":12},"end":{"line":46,"column":21}}]},"1":{"loc":{"start":{"line":47,"column":2},"end":{"line":47,"column":18}},"type":"default-arg","locations":[{"start":{"line":47,"column":9},"end":{"line":47,"column":18}}]},"2":{"loc":{"start":{"line":48,"column":2},"end":{"line":48,"column":17}},"type":"default-arg","locations":[{"start":{"line":48,"column":12},"end":{"line":48,"column":17}}]},"3":{"loc":{"start":{"line":54,"column":15},"end":{"line":54,"column":45}},"type":"cond-expr","locations":[{"start":{"line":54,"column":25},"end":{"line":54,"column":34}},{"start":{"line":54,"column":37},"end":{"line":54,"column":45}}]}},"s":{"0":0,"1":0,"2":0,"3":0,"4":0,"5":0,"6":0,"7":0,"8":0,"9":0},"f":{"0":0},"b":{"0":[0],"1":[0],"2":[0],"3":[0,0]}}
,"C:\\Users\\VARIANTAS\\Desktop\\Habit Tracker\\habit-tracker\\frontend\\src\\lib\\utils.ts": {"path":"C:\\Users\\VARIANTAS\\Desktop\\Habit Tracker\\habit-tracker\\frontend\\src\\lib\\utils.ts","statementMap":{"0":{"start":{"line":4,"column":0},"end":{"line":4,"column":16}},"1":{"start":{"line":1,"column":0},"end":{"line":1,"column":44}},"2":{"start":{"line":2,"column":0},"end":{"line":2,"column":40}},"3":{"start":{"line":5,"column":2},"end":{"line":5,"column":null}}},"fnMap":{"0":{"name":"cn","decl":{"start":{"line":4,"column":16},"end":{"line":4,"column":18}},"loc":{"start":{"line":4,"column":42},"end":{"line":6,"column":1}}}},"branchMap":{},"s":{"0":0,"1":0,"2":0,"3":0},"f":{"0":0},"b":{}}
}
